#! /usr/bin/vvp
:ivl_version "10.2 (stable)";
:ivl_delay_selection "TYPICAL";
:vpi_time_precision + 0;
:vpi_module "system";
:vpi_module "vhdl_sys";
:vpi_module "v2005_math";
:vpi_module "va_math";
S_0x55fd69a44ff0 .scope module, "fullsub_tb" "fullsub_tb" 2 1;
 .timescale 0 0;
v0x55fd69a6b670_0 .var "A", 0 0;
v0x55fd69a6b730_0 .var "B", 0 0;
v0x55fd69a6b7d0_0 .net "Bo", 0 0, L_0x55fd69a6be00;  1 drivers
v0x55fd69a6b870_0 .var "C", 0 0;
v0x55fd69a6b940_0 .net "D", 0 0, L_0x55fd69a6b9e0;  1 drivers
S_0x55fd69a45170 .scope module, "on" "Fullsub" 2 5, 3 1 0, S_0x55fd69a44ff0;
 .timescale 0 0;
    .port_info 0 /INPUT 1 "A"
    .port_info 1 /INPUT 1 "B"
    .port_info 2 /INPUT 1 "C"
    .port_info 3 /OUTPUT 1 "D"
    .port_info 4 /OUTPUT 1 "Bo"
L_0x55fd69a6b9e0 .functor XOR 1, v0x55fd69a6b670_0, v0x55fd69a6b730_0, v0x55fd69a6b870_0, C4<0>;
L_0x55fd69a6bbc0 .functor NOT 1, v0x55fd69a6b670_0, C4<0>, C4<0>, C4<0>;
L_0x55fd69a6bc30 .functor AND 1, L_0x55fd69a6bbc0, v0x55fd69a6b730_0, C4<1>, C4<1>;
L_0x55fd69a6bcf0 .functor OR 1, L_0x55fd69a6bbc0, v0x55fd69a6b870_0, C4<0>, C4<0>;
L_0x55fd69a6bd90 .functor AND 1, L_0x55fd69a6bbc0, L_0x55fd69a6bcf0, C4<1>, C4<1>;
L_0x55fd69a6be00 .functor OR 1, L_0x55fd69a6bc30, L_0x55fd69a6bd90, C4<0>, C4<0>;
v0x55fd69a0e110_0 .net "A", 0 0, v0x55fd69a6b670_0;  1 drivers
v0x55fd69a6afa0_0 .net "B", 0 0, v0x55fd69a6b730_0;  1 drivers
v0x55fd69a6b060_0 .net "Bo", 0 0, L_0x55fd69a6be00;  alias, 1 drivers
v0x55fd69a6b100_0 .net "C", 0 0, v0x55fd69a6b870_0;  1 drivers
v0x55fd69a6b1c0_0 .net "D", 0 0, L_0x55fd69a6b9e0;  alias, 1 drivers
v0x55fd69a6b2d0_0 .net "n", 0 0, L_0x55fd69a6bd90;  1 drivers
v0x55fd69a6b390_0 .net "v", 0 0, L_0x55fd69a6bcf0;  1 drivers
v0x55fd69a6b450_0 .net "x", 0 0, L_0x55fd69a6bc30;  1 drivers
v0x55fd69a6b510_0 .net "z", 0 0, L_0x55fd69a6bbc0;  1 drivers
    .scope S_0x55fd69a44ff0;
T_0 ;
    %pushi/vec4 0, 0, 1;
    %store/vec4 v0x55fd69a6b670_0, 0, 1;
    %pushi/vec4 0, 0, 1;
    %store/vec4 v0x55fd69a6b730_0, 0, 1;
    %pushi/vec4 0, 0, 1;
    %store/vec4 v0x55fd69a6b870_0, 0, 1;
    %vpi_call 2 12 "$monitor", "A=%b B=%b C=%b D=%b Bo=%b ", v0x55fd69a6b670_0, v0x55fd69a6b730_0, v0x55fd69a6b870_0, v0x55fd69a6b940_0, v0x55fd69a6b7d0_0 {0 0 0};
    %delay 7, 0;
    %vpi_call 2 13 "$finish" {0 0 0};
    %end;
    .thread T_0;
    .scope S_0x55fd69a44ff0;
T_1 ;
    %delay 4, 0;
    %load/vec4 v0x55fd69a6b670_0;
    %inv;
    %store/vec4 v0x55fd69a6b670_0, 0, 1;
    %jmp T_1;
    .thread T_1;
    .scope S_0x55fd69a44ff0;
T_2 ;
    %delay 2, 0;
    %load/vec4 v0x55fd69a6b730_0;
    %inv;
    %store/vec4 v0x55fd69a6b730_0, 0, 1;
    %jmp T_2;
    .thread T_2;
    .scope S_0x55fd69a44ff0;
T_3 ;
    %delay 1, 0;
    %load/vec4 v0x55fd69a6b870_0;
    %inv;
    %store/vec4 v0x55fd69a6b870_0, 0, 1;
    %jmp T_3;
    .thread T_3;
# The file index is used to find the file name in the following table.
:file_names 4;
    "N/A";
    "<interactive>";
    "fullsubtarctor_tb.v";
    "fullsubtractor.v";
